[debug] [2023-10-02T10:02:05.618Z] ----------------------------------------------------------------------
[debug] [2023-10-02T10:02:05.622Z] Command:       C:\Program Files\nodejs\node.exe C:\Users\X250\AppData\Roaming\npm\node_modules\firebase-tools\lib\bin\firebase.js init functions
[debug] [2023-10-02T10:02:05.623Z] CLI Version:   12.6.1
[debug] [2023-10-02T10:02:05.623Z] Platform:      win32
[debug] [2023-10-02T10:02:05.624Z] Node Version:  v18.18.0
[debug] [2023-10-02T10:02:05.625Z] Time:          Mon Oct 02 2023 15:02:05 GMT+0500 (Pakistan Standard Time)
[debug] [2023-10-02T10:02:05.626Z] ----------------------------------------------------------------------
[debug] 
[debug] [2023-10-02T10:02:05.643Z] > command requires scopes: ["email","openid","https://www.googleapis.com/auth/cloudplatformprojects.readonly","https://www.googleapis.com/auth/firebase","https://www.googleapis.com/auth/cloud-platform"]
[debug] [2023-10-02T10:02:05.644Z] > authorizing via signed-in user (syedibrahimshah067@gmail.com)
[info] 
     ######## #### ########  ######## ########     ###     ######  ########
     ##        ##  ##     ## ##       ##     ##  ##   ##  ##       ##
     ######    ##  ########  ######   ########  #########  ######  ######
     ##        ##  ##    ##  ##       ##     ## ##     ##       ## ##
     ##       #### ##     ## ######## ########  ##     ##  ######  ########

You're about to initialize a Firebase project in this directory:

  C:\web dev\Golang Project\golang-RGP-backend

Before we get started, keep in mind:

  * You are currently outside your home directory

[info] 
=== Project Setup
[info] 
[info] First, let's associate this project directory with a Firebase project.
[info] You can create multiple project aliases by running firebase use --add, 
[info] but for now we'll just set up a default project.
[info] 
[debug] [2023-10-02T10:02:28.729Z] >>> [apiv2][query] GET https://firebase.googleapis.com/v1beta1/projects pageSize=100
[debug] [2023-10-02T10:02:29.511Z] <<< [apiv2][status] GET https://firebase.googleapis.com/v1beta1/projects 200
[debug] [2023-10-02T10:02:29.511Z] <<< [apiv2][body] GET https://firebase.googleapis.com/v1beta1/projects [omitted]
[info] i  Using project mobile-app-final-exam-68bcd (rgp-ti-global-test) 
[info] 
=== Functions Setup
[debug] [2023-10-02T10:02:36.077Z] > command requires scopes: ["email","openid","https://www.googleapis.com/auth/cloudplatformprojects.readonly","https://www.googleapis.com/auth/firebase","https://www.googleapis.com/auth/cloud-platform"]
[debug] [2023-10-02T10:02:36.077Z] > authorizing via signed-in user (syedibrahimshah067@gmail.com)
[debug] [2023-10-02T10:02:36.077Z] [iam] checking project mobile-app-final-exam-68bcd for permissions ["firebase.projects.get"]
[debug] [2023-10-02T10:02:36.078Z] >>> [apiv2][query] POST https://cloudresourcemanager.googleapis.com/v1/projects/mobile-app-final-exam-68bcd:testIamPermissions [none]
[debug] [2023-10-02T10:02:36.079Z] >>> [apiv2][(partial)header] POST https://cloudresourcemanager.googleapis.com/v1/projects/mobile-app-final-exam-68bcd:testIamPermissions x-goog-quota-user=projects/mobile-app-final-exam-68bcd
[debug] [2023-10-02T10:02:36.079Z] >>> [apiv2][body] POST https://cloudresourcemanager.googleapis.com/v1/projects/mobile-app-final-exam-68bcd:testIamPermissions {"permissions":["firebase.projects.get"]}
[debug] [2023-10-02T10:02:37.589Z] <<< [apiv2][status] POST https://cloudresourcemanager.googleapis.com/v1/projects/mobile-app-final-exam-68bcd:testIamPermissions 200
[debug] [2023-10-02T10:02:37.589Z] <<< [apiv2][body] POST https://cloudresourcemanager.googleapis.com/v1/projects/mobile-app-final-exam-68bcd:testIamPermissions {"permissions":["firebase.projects.get"]}
[debug] [2023-10-02T10:02:37.590Z] >>> [apiv2][query] GET https://serviceusage.googleapis.com/v1/projects/mobile-app-final-exam-68bcd/services/cloudfunctions.googleapis.com [none]
[debug] [2023-10-02T10:02:37.590Z] >>> [apiv2][(partial)header] GET https://serviceusage.googleapis.com/v1/projects/mobile-app-final-exam-68bcd/services/cloudfunctions.googleapis.com x-goog-quota-user=projects/mobile-app-final-exam-68bcd
[debug] [2023-10-02T10:02:37.592Z] >>> [apiv2][query] GET https://serviceusage.googleapis.com/v1/projects/mobile-app-final-exam-68bcd/services/runtimeconfig.googleapis.com [none]
[debug] [2023-10-02T10:02:37.592Z] >>> [apiv2][(partial)header] GET https://serviceusage.googleapis.com/v1/projects/mobile-app-final-exam-68bcd/services/runtimeconfig.googleapis.com x-goog-quota-user=projects/mobile-app-final-exam-68bcd
[debug] [2023-10-02T10:02:39.359Z] <<< [apiv2][status] GET https://serviceusage.googleapis.com/v1/projects/mobile-app-final-exam-68bcd/services/runtimeconfig.googleapis.com 200
[debug] [2023-10-02T10:02:39.360Z] <<< [apiv2][body] GET https://serviceusage.googleapis.com/v1/projects/mobile-app-final-exam-68bcd/services/runtimeconfig.googleapis.com [omitted]
[debug] [2023-10-02T10:02:39.361Z] <<< [apiv2][status] GET https://serviceusage.googleapis.com/v1/projects/mobile-app-final-exam-68bcd/services/cloudfunctions.googleapis.com 200
[debug] [2023-10-02T10:02:39.362Z] <<< [apiv2][body] GET https://serviceusage.googleapis.com/v1/projects/mobile-app-final-exam-68bcd/services/cloudfunctions.googleapis.com [omitted]
[debug] [2023-10-02T10:02:39.362Z] >>> [apiv2][query] POST https://serviceusage.googleapis.com/v1/projects/mobile-app-final-exam-68bcd/services/cloudfunctions.googleapis.com:enable [none]
[debug] [2023-10-02T10:02:39.362Z] >>> [apiv2][(partial)header] POST https://serviceusage.googleapis.com/v1/projects/mobile-app-final-exam-68bcd/services/cloudfunctions.googleapis.com:enable x-goog-quota-user=projects/mobile-app-final-exam-68bcd
[debug] [2023-10-02T10:02:41.813Z] <<< [apiv2][status] POST https://serviceusage.googleapis.com/v1/projects/mobile-app-final-exam-68bcd/services/cloudfunctions.googleapis.com:enable 200
[debug] [2023-10-02T10:02:41.813Z] <<< [apiv2][body] POST https://serviceusage.googleapis.com/v1/projects/mobile-app-final-exam-68bcd/services/cloudfunctions.googleapis.com:enable [omitted]
[debug] [2023-10-02T10:02:51.830Z] >>> [apiv2][query] GET https://serviceusage.googleapis.com/v1/projects/mobile-app-final-exam-68bcd/services/cloudfunctions.googleapis.com [none]
[debug] [2023-10-02T10:02:51.830Z] >>> [apiv2][(partial)header] GET https://serviceusage.googleapis.com/v1/projects/mobile-app-final-exam-68bcd/services/cloudfunctions.googleapis.com x-goog-quota-user=projects/mobile-app-final-exam-68bcd
[debug] [2023-10-02T10:02:53.459Z] <<< [apiv2][status] GET https://serviceusage.googleapis.com/v1/projects/mobile-app-final-exam-68bcd/services/cloudfunctions.googleapis.com 200
[debug] [2023-10-02T10:02:53.459Z] <<< [apiv2][body] GET https://serviceusage.googleapis.com/v1/projects/mobile-app-final-exam-68bcd/services/cloudfunctions.googleapis.com [omitted]
[info] Let's create a new codebase for your functions.
[info] A directory corresponding to the codebase will be created in your project
[info] with sample code pre-configured.

[info] See https://firebase.google.com/docs/functions/organize-functions for
[info] more information on organizing your functions using codebases.

[info] Functions can be deployed with firebase deploy.

